------------------------------------------------------------------------------------------------------------------------

[2022-03-03 12:11:16 #1 store] 
Database '/Users/mateobacchi/git/Bets21_Met/src/main/resources/bets.temp' is opened by 1291@MacBook-Pro-de-Mateo.local

[2022-03-03 12:11:16 #2 type] 
Type domain.Question is not enhanced.

[2022-03-03 12:11:16 #3 type] 
Type domain.Event is not enhanced.

------------------------------------------------------------------------------------------------------------------------

[2022-03-03 12:11:38 #1 store] 
Database '/Users/mateobacchi/git/Bets21_Met/src/main/resources/bets.temp' is opened by 1298@MacBook-Pro-de-Mateo.local

[2022-03-03 12:11:39 #2 type] 
Type domain.Question is not enhanced.

[2022-03-03 12:11:39 #3 type] 
Type domain.Event is not enhanced.

------------------------------------------------------------------------------------------------------------------------

[2022-03-03 12:15:53 #1 store] 
Database '/Users/mateobacchi/git/Bets21_Met/src/main/resources/bets.temp' is opened by 1330@MacBook-Pro-de-Mateo.local

[2022-03-03 12:15:53 #2 type] 
Type domain.Question is not enhanced.

[2022-03-03 12:15:53 #3 type] 
Type domain.Event is not enhanced.

------------------------------------------------------------------------------------------------------------------------

[2022-03-03 15:01:23 #1 store] 
Database '/Users/mateobacchi/git/Bets21_Met/src/main/resources/bets.temp' is opened by 1507@MacBook-Pro-de-Mateo.local

[2022-03-03 15:01:23 #2 type] 
Type domain.Question is not enhanced.

[2022-03-03 15:01:23 #3 type] 
Type domain.Event is not enhanced.

------------------------------------------------------------------------------------------------------------------------

[2022-03-03 15:15:22 #1 store] 
Database '/Users/mateobacchi/git/Bets21_Met/src/main/resources/bets.temp' is opened by 1551@MacBook-Pro-de-Mateo.local

[2022-03-03 15:15:22 #2 type] 
Type domain.Question is not enhanced.

[2022-03-03 15:15:22 #3 type] 
Type domain.Event is not enhanced.

------------------------------------------------------------------------------------------------------------------------

[2022-03-03 15:15:57 #1 store] 
Database '/Users/mateobacchi/git/Bets21_Met/src/main/resources/bets.temp' is opened by 1559@MacBook-Pro-de-Mateo.local

[2022-03-03 15:15:57 #2 type] 
Type domain.Question is not enhanced.

[2022-03-03 15:15:57 #3 type] 
Type domain.Event is not enhanced.

------------------------------------------------------------------------------------------------------------------------

[2022-03-03 15:17:01 #1 store] 
Database '/Users/mateobacchi/git/Bets21_Met/src/main/resources/bets.temp' is opened by 1576@MacBook-Pro-de-Mateo.local

[2022-03-03 15:17:01 #2 type] 
Type domain.Question is not enhanced.

[2022-03-03 15:17:01 #3 type] 
Type domain.Event is not enhanced.

------------------------------------------------------------------------------------------------------------------------

[2022-03-03 15:19:17 #1 store] 
Database '/Users/mateobacchi/git/Bets21_Met/src/main/resources/bets.temp' is opened by 1583@MacBook-Pro-de-Mateo.local

[2022-03-03 15:19:17 #2 type] 
Type domain.Question is not enhanced.

[2022-03-03 15:19:17 #3 type] 
Type domain.Event is not enhanced.

------------------------------------------------------------------------------------------------------------------------

[2022-03-03 15:20:30 #1 store] 
Database '/Users/mateobacchi/git/Bets21_Met/src/main/resources/bets.temp' is opened by 1590@MacBook-Pro-de-Mateo.local

[2022-03-03 15:20:30 #2 type] 
Type domain.Question is not enhanced.

[2022-03-03 15:20:30 #3 type] 
Type domain.Event is not enhanced.

------------------------------------------------------------------------------------------------------------------------

[2022-03-03 15:20:51 #1 store] 
Database '/Users/mateobacchi/git/Bets21_Met/src/main/resources/bets.temp' is opened by 1591@MacBook-Pro-de-Mateo.local

[2022-03-03 15:20:51 #2 type] 
Type domain.Question is not enhanced.

[2022-03-03 15:20:51 #3 type] 
Type domain.Event is not enhanced.

------------------------------------------------------------------------------------------------------------------------

[2022-03-03 16:07:52 #1 store] 
Database '/Users/mateobacchi/git/Bets21_Met/src/main/resources/bets.temp' is opened by 1764@MacBook-Pro-de-Mateo.local

[2022-03-03 16:07:52 #2 type] 
Type domain.Question is not enhanced.

[2022-03-03 16:07:52 #3 type] 
Type domain.Event is not enhanced.

