------------------------------------------------------------------------------------------------------------------------

[2022-03-01 13:12:06 #1 store] 
Database '/Users/mateobacchi/git/Bets21_Met/src/main/resources/bets.temp' is opened by 806@MBP-de-Mateo.home

[2022-03-01 13:12:07 #2 type] 
Type domain.Question is not enhanced.

[2022-03-01 13:12:07 #3 type] 
Type domain.Event is not enhanced.

------------------------------------------------------------------------------------------------------------------------

[2022-03-01 13:22:05 #1 store] 
Database '/Users/mateobacchi/git/Bets21_Met/src/main/resources/bets.temp' is opened by 857@MBP-de-Mateo.home

[2022-03-01 13:22:05 #2 type] 
Type domain.Question is not enhanced.

[2022-03-01 13:22:05 #3 type] 
Type domain.Event is not enhanced.

------------------------------------------------------------------------------------------------------------------------

[2022-03-01 13:23:11 #1 store] 
Database '/Users/mateobacchi/git/Bets21_Met/src/main/resources/bets.temp' is opened by 866@MBP-de-Mateo.home

[2022-03-01 13:23:11 #2 type] 
Type domain.Question is not enhanced.

[2022-03-01 13:23:11 #3 type] 
Type domain.Event is not enhanced.

------------------------------------------------------------------------------------------------------------------------

[2022-03-01 13:24:47 #1 store] 
Database '/Users/mateobacchi/git/Bets21_Met/src/main/resources/bets.temp' is opened by 871@MBP-de-Mateo.home

[2022-03-01 13:24:47 #2 type] 
Type domain.Question is not enhanced.

[2022-03-01 13:24:47 #3 type] 
Type domain.Event is not enhanced.

