------------------------------------------------------------------------------------------------------------------------

[2022-02-28 14:03:23 #1 store] 
Database '/Users/mateobacchi/git/Bets21_Met/src/main/resources/bets.temp' has been recovered (tr. 1-5)

[2022-02-28 14:03:23 #2 store] 
Database '/Users/mateobacchi/git/Bets21_Met/src/main/resources/bets.temp' is opened by 11140@MacBook-Pro-de-Mateo.local

[2022-02-28 14:03:23 #3 type] 
Type domain.Question is not enhanced.

[2022-02-28 14:03:23 #4 type] 
Type domain.Event is not enhanced.

------------------------------------------------------------------------------------------------------------------------

[2022-02-28 14:05:16 #1 store] 
Database '/Users/mateobacchi/git/Bets21_Met/src/main/resources/bets.temp' is opened by 11159@MacBook-Pro-de-Mateo.local

[2022-02-28 14:05:16 #2 type] 
Type domain.Question is not enhanced.

[2022-02-28 14:05:16 #3 type] 
Type domain.Event is not enhanced.

------------------------------------------------------------------------------------------------------------------------

[2022-02-28 14:18:49 #1 store] 
Database '/Users/mateobacchi/git/Bets21_Met/src/main/resources/bets.temp' is opened by 11382@MacBook-Pro-de-Mateo.local

[2022-02-28 14:18:50 #2 type] 
Type domain.Question is not enhanced.

[2022-02-28 14:18:50 #3 type] 
Type domain.Event is not enhanced.

------------------------------------------------------------------------------------------------------------------------

[2022-02-28 14:26:28 #1 store] 
Database '/Users/mateobacchi/git/Bets21_Met/src/main/resources/bets.temp' is opened by 11428@MacBook-Pro-de-Mateo.local

[2022-02-28 14:26:28 #2 type] 
Type domain.Question is not enhanced.

[2022-02-28 14:26:28 #3 type] 
Type domain.Event is not enhanced.

------------------------------------------------------------------------------------------------------------------------

[2022-02-28 14:28:12 #1 store] 
Database '/Users/mateobacchi/git/Bets21_Met/src/main/resources/bets.temp' is opened by 11439@MacBook-Pro-de-Mateo.local

[2022-02-28 14:28:12 #2 type] 
Type domain.Question is not enhanced.

[2022-02-28 14:28:12 #3 type] 
Type domain.Event is not enhanced.

------------------------------------------------------------------------------------------------------------------------

[2022-02-28 14:31:23 #1 store] 
Database '/Users/mateobacchi/git/Bets21_Met/src/main/resources/bets.temp' is opened by 11459@MacBook-Pro-de-Mateo.local

[2022-02-28 14:31:24 #2 type] 
Type domain.Question is not enhanced.

[2022-02-28 14:31:24 #3 type] 
Type domain.Event is not enhanced.

------------------------------------------------------------------------------------------------------------------------

[2022-02-28 14:33:37 #1 store] 
Database '/Users/mateobacchi/git/Bets21_Met/src/main/resources/bets.temp' is opened by 11482@MacBook-Pro-de-Mateo.local

[2022-02-28 14:33:38 #2 type] 
Type domain.Question is not enhanced.

[2022-02-28 14:33:38 #3 type] 
Type domain.Event is not enhanced.

------------------------------------------------------------------------------------------------------------------------

[2022-02-28 14:35:52 #1 store] 
Database '/Users/mateobacchi/git/Bets21_Met/src/main/resources/bets.temp' is opened by 11487@MacBook-Pro-de-Mateo.local

[2022-02-28 14:35:52 #2 type] 
Type domain.Question is not enhanced.

[2022-02-28 14:35:52 #3 type] 
Type domain.Event is not enhanced.

------------------------------------------------------------------------------------------------------------------------

[2022-02-28 14:36:07 #1 store] 
Database '/Users/mateobacchi/git/Bets21_Met/src/main/resources/bets.temp' is opened by 11489@MacBook-Pro-de-Mateo.local

[2022-02-28 14:36:07 #2 type] 
Type domain.Question is not enhanced.

[2022-02-28 14:36:07 #3 type] 
Type domain.Event is not enhanced.

------------------------------------------------------------------------------------------------------------------------

[2022-02-28 14:37:13 #1 store] 
Database '/Users/mateobacchi/git/Bets21_Met/src/main/resources/bets.temp' is opened by 11497@MacBook-Pro-de-Mateo.local

[2022-02-28 14:37:13 #2 type] 
Type domain.Question is not enhanced.

[2022-02-28 14:37:13 #3 type] 
Type domain.Event is not enhanced.

------------------------------------------------------------------------------------------------------------------------

[2022-02-28 14:44:04 #1 store] 
Database '/Users/mateobacchi/git/Bets21_Met/src/main/resources/bets.temp' is opened by 11553@MacBook-Pro-de-Mateo.local

[2022-02-28 14:44:04 #2 type] 
Type domain.Question is not enhanced.

[2022-02-28 14:44:04 #3 type] 
Type domain.Event is not enhanced.

------------------------------------------------------------------------------------------------------------------------

[2022-02-28 14:46:35 #1 store] 
Database '/Users/mateobacchi/git/Bets21_Met/src/main/resources/bets.temp' is opened by 11583@MacBook-Pro-de-Mateo.local

[2022-02-28 14:46:35 #2 type] 
Type domain.Question is not enhanced.

[2022-02-28 14:46:35 #3 type] 
Type domain.Event is not enhanced.

------------------------------------------------------------------------------------------------------------------------

[2022-02-28 14:50:16 #1 store] 
Database '/Users/mateobacchi/git/Bets21_Met/src/main/resources/bets.temp' is opened by 11593@MacBook-Pro-de-Mateo.local

[2022-02-28 14:50:17 #2 type] 
Type domain.Question is not enhanced.

[2022-02-28 14:50:17 #3 type] 
Type domain.Event is not enhanced.

------------------------------------------------------------------------------------------------------------------------

[2022-02-28 14:58:02 #1 store] 
Database '/Users/mateobacchi/git/Bets21_Met/src/main/resources/bets.temp' is opened by 11679@MacBook-Pro-de-Mateo.local

[2022-02-28 14:58:03 #2 type] 
Type domain.Question is not enhanced.

[2022-02-28 14:58:03 #3 type] 
Type domain.Event is not enhanced.

